mode: set
github.com/RozmiDan/vk/hw3/client.go:69.80,73.19 2 1
github.com/RozmiDan/vk/hw3/client.go:73.19,75.3 1 1
github.com/RozmiDan/vk/hw3/client.go:76.2,76.20 1 1
github.com/RozmiDan/vk/hw3/client.go:76.20,78.3 1 1
github.com/RozmiDan/vk/hw3/client.go:79.2,79.20 1 1
github.com/RozmiDan/vk/hw3/client.go:79.20,81.3 1 1
github.com/RozmiDan/vk/hw3/client.go:84.2,96.16 10 1
github.com/RozmiDan/vk/hw3/client.go:96.16,97.54 1 1
github.com/RozmiDan/vk/hw3/client.go:97.54,99.4 1 1
github.com/RozmiDan/vk/hw3/client.go:100.3,100.50 1 0
github.com/RozmiDan/vk/hw3/client.go:102.2,105.25 3 1
github.com/RozmiDan/vk/hw3/client.go:106.31,107.44 1 1
github.com/RozmiDan/vk/hw3/client.go:108.38,109.53 1 1
github.com/RozmiDan/vk/hw3/client.go:110.29,113.17 3 1
github.com/RozmiDan/vk/hw3/client.go:113.17,115.4 1 1
github.com/RozmiDan/vk/hw3/client.go:116.3,116.42 1 1
github.com/RozmiDan/vk/hw3/client.go:116.42,118.4 1 1
github.com/RozmiDan/vk/hw3/client.go:119.3,119.73 1 1
github.com/RozmiDan/vk/hw3/client.go:122.2,124.16 3 1
github.com/RozmiDan/vk/hw3/client.go:124.16,126.3 1 1
github.com/RozmiDan/vk/hw3/client.go:128.2,129.28 2 1
github.com/RozmiDan/vk/hw3/client.go:129.28,132.3 2 1
github.com/RozmiDan/vk/hw3/client.go:132.8,134.3 1 1
github.com/RozmiDan/vk/hw3/client.go:136.2,136.21 1 1
github.com/RozmiDan/vk/hw3/server.go:38.52,40.16 2 1
github.com/RozmiDan/vk/hw3/server.go:40.16,42.3 1 1
github.com/RozmiDan/vk/hw3/server.go:43.2,48.6 4 1
github.com/RozmiDan/vk/hw3/server.go:48.6,50.20 2 1
github.com/RozmiDan/vk/hw3/server.go:50.20,51.9 1 1
github.com/RozmiDan/vk/hw3/server.go:53.3,53.17 1 1
github.com/RozmiDan/vk/hw3/server.go:53.17,55.4 1 0
github.com/RozmiDan/vk/hw3/server.go:56.3,57.36 2 1
github.com/RozmiDan/vk/hw3/server.go:57.36,58.12 1 1
github.com/RozmiDan/vk/hw3/server.go:60.3,61.52 2 1
github.com/RozmiDan/vk/hw3/server.go:61.52,63.4 1 0
github.com/RozmiDan/vk/hw3/server.go:64.3,70.5 1 1
github.com/RozmiDan/vk/hw3/server.go:73.2,73.36 1 1
github.com/RozmiDan/vk/hw3/server.go:76.67,84.13 3 1
github.com/RozmiDan/vk/hw3/server.go:84.13,86.3 1 1
github.com/RozmiDan/vk/hw3/server.go:86.8,87.30 1 1
github.com/RozmiDan/vk/hw3/server.go:87.30,89.51 1 1
github.com/RozmiDan/vk/hw3/server.go:89.51,91.5 1 1
github.com/RozmiDan/vk/hw3/server.go:95.2,96.22 2 1
github.com/RozmiDan/vk/hw3/server.go:96.22,98.3 1 1
github.com/RozmiDan/vk/hw3/server.go:99.2,99.20 1 1
github.com/RozmiDan/vk/hw3/server.go:100.27,100.27 0 1
github.com/RozmiDan/vk/hw3/server.go:101.10,102.45 1 1
github.com/RozmiDan/vk/hw3/server.go:105.2,105.67 1 1
github.com/RozmiDan/vk/hw3/server.go:105.67,106.31 1 1
github.com/RozmiDan/vk/hw3/server.go:106.31,106.47 1 0
github.com/RozmiDan/vk/hw3/server.go:107.3,107.21 1 1
github.com/RozmiDan/vk/hw3/server.go:108.13,109.31 1 0
github.com/RozmiDan/vk/hw3/server.go:109.31,109.73 1 0
github.com/RozmiDan/vk/hw3/server.go:110.14,111.31 1 1
github.com/RozmiDan/vk/hw3/server.go:111.31,111.75 1 1
github.com/RozmiDan/vk/hw3/server.go:112.15,113.31 1 0
github.com/RozmiDan/vk/hw3/server.go:113.31,113.77 1 0
github.com/RozmiDan/vk/hw3/server.go:115.3,115.44 1 1
github.com/RozmiDan/vk/hw3/server.go:115.44,116.36 1 1
github.com/RozmiDan/vk/hw3/server.go:116.36,118.5 1 0
github.com/RozmiDan/vk/hw3/server.go:119.4,119.21 1 1
github.com/RozmiDan/vk/hw3/server.go:121.8,121.42 1 1
github.com/RozmiDan/vk/hw3/server.go:121.42,123.3 1 0
github.com/RozmiDan/vk/hw3/server.go:125.2,125.43 1 1
github.com/RozmiDan/vk/hw3/server.go:125.43,127.3 1 0
github.com/RozmiDan/vk/hw3/server.go:128.2,128.36 1 1
github.com/RozmiDan/vk/hw3/server.go:128.36,130.3 1 0
github.com/RozmiDan/vk/hw3/server.go:131.2,132.25 2 1
github.com/RozmiDan/vk/hw3/server.go:132.25,134.3 1 0
github.com/RozmiDan/vk/hw3/server.go:135.2,135.41 1 1
github.com/RozmiDan/vk/hw3/server.go:138.59,140.32 1 1
github.com/RozmiDan/vk/hw3/server.go:140.32,143.3 2 0
github.com/RozmiDan/vk/hw3/server.go:145.2,146.16 2 1
github.com/RozmiDan/vk/hw3/server.go:146.16,149.3 2 1
github.com/RozmiDan/vk/hw3/server.go:151.2,152.16 2 1
github.com/RozmiDan/vk/hw3/server.go:152.16,155.3 2 1
github.com/RozmiDan/vk/hw3/server.go:157.2,158.16 2 1
github.com/RozmiDan/vk/hw3/server.go:158.16,159.40 1 1
github.com/RozmiDan/vk/hw3/server.go:159.40,162.4 2 1
github.com/RozmiDan/vk/hw3/server.go:163.3,164.9 2 0
github.com/RozmiDan/vk/hw3/server.go:167.2,169.50 3 1
github.com/RozmiDan/vk/hw3/server.go:169.50,172.3 2 0
github.com/RozmiDan/vk/hw3/server.go:175.55,182.16 5 1
github.com/RozmiDan/vk/hw3/server.go:182.16,184.3 1 1
github.com/RozmiDan/vk/hw3/server.go:185.2,188.16 3 1
github.com/RozmiDan/vk/hw3/server.go:188.16,190.3 1 1
github.com/RozmiDan/vk/hw3/server.go:191.2,194.16 3 1
github.com/RozmiDan/vk/hw3/server.go:194.16,196.3 1 1
github.com/RozmiDan/vk/hw3/server.go:197.2,199.20 2 1
github.com/RozmiDan/vk/hw3/server.go:202.68,206.2 3 1
